<?xml version="1.0" encoding="UTF-8"?>
<!-- Generated by org.testng.reporters.JUnitXMLReporter -->
<testsuite hostname="DESKTOP-ASH3P1V" ignored="0" name="用户管理系统测试用例" tests="7" failures="0" timestamp="07 一月 2020 07:45:16 GMT" time="9.363" errors="0">
  <testcase name="loginTrue" time="0.996" classname="com.tester.cases.LoginTest"/>
  <testcase name="loginFalse" time="0.041" classname="com.tester.cases.LoginTest"/>
  <testcase name="addUser" time="2.053" classname="com.tester.cases.AddUserTest"/>
  <testcase name="getUserInfo" time="0.048" classname="com.tester.cases.GetUserInfoTest"/>
  <testcase name="updateUserInfo" time="2.076" classname="com.tester.cases.UpdateUserInfoTest"/>
  <testcase name="deleteUser" time="2.049" classname="com.tester.cases.UpdateUserInfoTest"/>
  <testcase name="getUserListInfo" time="2.048" classname="com.tester.cases.GetUserInfoListTest"/>
</testsuite> <!-- 用户管理系统测试用例 -->
