<?xml version="1.0" encoding="UTF-8" ?>
<testsuite tests="7" failures="0" name="TestSuite" time="10.439" errors="0" skipped="0">
  <properties>
[...]
</properties>
  <testcase classname="com.tester.cases.LoginTest" name="loginTrue" time="0.996"/>
  <testcase classname="com.tester.cases.LoginTest" name="loginFalse" time="0.041"/>
  <testcase classname="com.tester.cases.AddUserTest" name="addUser" time="2.053"/>
  <testcase classname="com.tester.cases.GetUserInfoTest" name="getUserInfo" time="0.048"/>
  <testcase classname="com.tester.cases.UpdateUserInfoTest" name="updateUserInfo" time="2.076"/>
  <testcase classname="com.tester.cases.UpdateUserInfoTest" name="deleteUser" time="2.049"/>
  <testcase classname="com.tester.cases.GetUserInfoListTest" name="getUserListInfo" time="2.048"/>
</testsuite>